{
  "stats": {
    "suites": 1,
    "tests": 1,
    "passes": 1,
    "pending": 0,
    "failures": 0,
    "start": "2025-07-12T03:16:14.661Z",
    "end": "2025-07-12T03:16:34.544Z",
    "duration": 19883,
    "testsRegistered": 1,
    "passPercent": 100,
    "pendingPercent": 0,
    "other": 0,
    "hasOther": false,
    "skipped": 0,
    "hasSkipped": false
  },
  "results": [
    {
      "uuid": "0f5f4375-b2ff-489f-8601-42c1fc155df2",
      "title": "",
      "fullFile": "cypress\\e2e\\Test_Practice.cy.js",
      "file": "cypress\\e2e\\Test_Practice.cy.js",
      "beforeHooks": [],
      "afterHooks": [],
      "tests": [],
      "suites": [
        {
          "uuid": "ea0ac5f8-b090-40cb-bb6c-62d33189a482",
          "title": "Test Flujo Funcional",
          "fullFile": "",
          "file": "",
          "beforeHooks": [],
          "afterHooks": [],
          "tests": [
            {
              "title": "Iniciar sesión, agregar productos y finalizar compra",
              "fullTitle": "Test Flujo Funcional Iniciar sesión, agregar productos y finalizar compra",
              "timedOut": null,
              "duration": 19834,
              "state": "passed",
              "speed": "slow",
              "pass": true,
              "fail": false,
              "pending": false,
              "context": null,
              "code": "cy.visit(\"https://www.demoblaze.com/\");\ncy.iniciarSesion(\"elena1\", \"elena123\");\ncy.agregarProductos();\ncy.carritoCompras();\ncy.llenarDatos();\ncy.finalizarCompra();",
              "err": {},
              "uuid": "67da825b-4b20-4ce4-96b5-e27f2ef1f8a3",
              "parentUUID": "ea0ac5f8-b090-40cb-bb6c-62d33189a482",
              "isHook": false,
              "skipped": false
            }
          ],
          "suites": [],
          "passes": [
            "67da825b-4b20-4ce4-96b5-e27f2ef1f8a3"
          ],
          "failures": [],
          "pending": [],
          "skipped": [],
          "duration": 19834,
          "root": false,
          "rootEmpty": false,
          "_timeout": 2000
        }
      ],
      "passes": [],
      "failures": [],
      "pending": [],
      "skipped": [],
      "duration": 0,
      "root": true,
      "rootEmpty": true,
      "_timeout": 2000
    }
  ],
  "meta": {
    "mocha": {
      "version": "7.2.0"
    },
    "mochawesome": {
      "options": {
        "quiet": false,
        "reportFilename": "mochawesome",
        "saveHtml": true,
        "saveJson": true,
        "consoleReporter": "spec",
        "useInlineDiffs": false,
        "code": true
      },
      "version": "7.1.3"
    },
    "marge": {
      "options": {
        "reportDir": "cypress/reports",
        "charts": true,
        "overwrite": false,
        "html": true,
        "json": true
      },
      "version": "6.2.0"
    }
  }
}