{
  "stats": {
    "suites": 1,
    "tests": 7,
    "passes": 7,
    "pending": 0,
    "failures": 0,
    "start": "2025-07-12T03:39:49.096Z",
    "end": "2025-07-12T03:39:50.807Z",
    "duration": 1711,
    "testsRegistered": 7,
    "passPercent": 100,
    "pendingPercent": 0,
    "other": 0,
    "hasOther": false,
    "skipped": 0,
    "hasSkipped": false
  },
  "results": [
    {
      "uuid": "b9322f00-d698-4635-a92e-2ff93422d8eb",
      "title": "",
      "fullFile": "cypress\\e2e\\api\\apiTest.cy.js",
      "file": "cypress\\e2e\\api\\apiTest.cy.js",
      "beforeHooks": [],
      "afterHooks": [],
      "tests": [],
      "suites": [
        {
          "uuid": "899bed63-902a-4907-ad71-6862626cc50f",
          "title": "Pruebas API Demoblaze - Signup y Login",
          "fullFile": "",
          "file": "",
          "beforeHooks": [],
          "afterHooks": [],
          "tests": [
            {
              "title": "Crear un nuevo usuario en signup",
              "fullTitle": "Pruebas API Demoblaze - Signup y Login Crear un nuevo usuario en signup",
              "timedOut": null,
              "duration": 366,
              "state": "passed",
              "speed": "fast",
              "pass": true,
              "fail": false,
              "pending": false,
              "context": null,
              "code": "cy.log(\"Nuevo usuario para signup\");\ncy.request({\n  method: \"POST\",\n  url: \"/signup\",\n  body: { username: usuario, password }\n}).then((res) => {\n  cy.log(\"Salida:\", JSON.stringify(res.body));\n  expect(res.status).to.be.oneOf([200, 201]);\n});",
              "err": {},
              "uuid": "0cec70fd-a970-4761-afe4-12daf62c7c2f",
              "parentUUID": "899bed63-902a-4907-ad71-6862626cc50f",
              "isHook": false,
              "skipped": false
            },
            {
              "title": "Metodo no permitido en signup",
              "fullTitle": "Pruebas API Demoblaze - Signup y Login Metodo no permitido en signup",
              "timedOut": null,
              "duration": 185,
              "state": "passed",
              "speed": "fast",
              "pass": true,
              "fail": false,
              "pending": false,
              "context": null,
              "code": "cy.log(\"signup\");\ncy.request({\n  method: \"GET\",\n  url: \"/signup\",\n  failOnStatusCode: false\n}).then((res) => {\n  cy.log(\"Salida:\", JSON.stringify(res.body));\n  expect(res.status).to.eq(405);\n});",
              "err": {},
              "uuid": "86b332de-972b-4965-94f3-0a1793d29ef5",
              "parentUUID": "899bed63-902a-4907-ad71-6862626cc50f",
              "isHook": false,
              "skipped": false
            },
            {
              "title": "Crear un nuevo usuario con campos vacios en signup",
              "fullTitle": "Pruebas API Demoblaze - Signup y Login Crear un nuevo usuario con campos vacios en signup",
              "timedOut": null,
              "duration": 194,
              "state": "passed",
              "speed": "fast",
              "pass": true,
              "fail": false,
              "pending": false,
              "context": null,
              "code": "cy.log(\"Nuevo usuario para signup con credenciales vacias\");\ncy.request({\n  method: \"POST\",\n  url: \"/signup\",\n  body: { username: \"\", password: \"\" },\n  failOnStatusCode: false\n}).then((res) => {\n  cy.log(\"Salida:\", JSON.stringify(res.body));\n  expect(res.status).to.eq(500);\n});",
              "err": {},
              "uuid": "dc98e194-e568-4ccf-be63-4ff3df4051d1",
              "parentUUID": "899bed63-902a-4907-ad71-6862626cc50f",
              "isHook": false,
              "skipped": false
            },
            {
              "title": "Intentar crear un usuario ya existente",
              "fullTitle": "Pruebas API Demoblaze - Signup y Login Intentar crear un usuario ya existente",
              "timedOut": null,
              "duration": 202,
              "state": "passed",
              "speed": "fast",
              "pass": true,
              "fail": false,
              "pending": false,
              "context": null,
              "code": "cy.log(\"Entrada: username ya registrado en signup\");\ncy.request({\n  method: \"POST\",\n  url: \"/signup\",\n  body: { username: usuario, password }\n}).then((res) => {\n  cy.log(\"Salida:\", JSON.stringify(res.body));\n  expect(res.body).to.have.property(\"errorMessage\", \"This user already exist.\");\n});",
              "err": {},
              "uuid": "ec3410de-7dc4-4e1d-8d3f-0586edc41a44",
              "parentUUID": "899bed63-902a-4907-ad71-6862626cc50f",
              "isHook": false,
              "skipped": false
            },
            {
              "title": "Usuario y password correcto en login",
              "fullTitle": "Pruebas API Demoblaze - Signup y Login Usuario y password correcto en login",
              "timedOut": null,
              "duration": 241,
              "state": "passed",
              "speed": "fast",
              "pass": true,
              "fail": false,
              "pending": false,
              "context": null,
              "code": "cy.log(\"Entrada: username y password correctos en login\");\ncy.request({\n  method: \"POST\",\n  url: \"/login\",\n  body: { username: usuario, password }\n}).then((res) => {\n  cy.log(\"Salida:\", JSON.stringify(res.body));\n  expect(res.status).to.eq(200);\n  const regex = /Auth_token:\\s[A-Za-z0-9+/=]+/;\n  expect(res.body).to.match(regex);\n});",
              "err": {},
              "uuid": "9747d3b5-ccf0-402e-875a-7f6806d66178",
              "parentUUID": "899bed63-902a-4907-ad71-6862626cc50f",
              "isHook": false,
              "skipped": false
            },
            {
              "title": "Usuario y password vacios en login",
              "fullTitle": "Pruebas API Demoblaze - Signup y Login Usuario y password vacios en login",
              "timedOut": null,
              "duration": 211,
              "state": "passed",
              "speed": "fast",
              "pass": true,
              "fail": false,
              "pending": false,
              "context": null,
              "code": "cy.log(\"Entrada: username y password vacios en login\");\ncy.request({\n  method: \"POST\",\n  url: \"/login\",\n  body: { username: \"\", password: \"\" },\n  failOnStatusCode: false\n}).then((res) => {\n  cy.log(\"Salida:\", JSON.stringify(res.body));\n});",
              "err": {},
              "uuid": "4179b6e3-0076-4a0a-98f3-b13c6486c7c8",
              "parentUUID": "899bed63-902a-4907-ad71-6862626cc50f",
              "isHook": false,
              "skipped": false
            },
            {
              "title": "Usuario y password incorrecto en login",
              "fullTitle": "Pruebas API Demoblaze - Signup y Login Usuario y password incorrecto en login",
              "timedOut": null,
              "duration": 210,
              "state": "passed",
              "speed": "fast",
              "pass": true,
              "fail": false,
              "pending": false,
              "context": null,
              "code": "cy.log(\"Entrada: username correcto y password incorrecto en login\");\ncy.request({\n  method: \"POST\",\n  url: \"/login\",\n  body: { username: usuario, password: \"passwordIncorrecto\" }\n}).then((res) => {\n  cy.log(\"Salida:\", JSON.stringify(res.body));\n  expect(res.body).to.have.property(\"errorMessage\", \"Wrong password.\");\n});",
              "err": {},
              "uuid": "5b254762-6dcd-4c82-a11d-f064a36ff0f2",
              "parentUUID": "899bed63-902a-4907-ad71-6862626cc50f",
              "isHook": false,
              "skipped": false
            }
          ],
          "suites": [],
          "passes": [
            "0cec70fd-a970-4761-afe4-12daf62c7c2f",
            "86b332de-972b-4965-94f3-0a1793d29ef5",
            "dc98e194-e568-4ccf-be63-4ff3df4051d1",
            "ec3410de-7dc4-4e1d-8d3f-0586edc41a44",
            "9747d3b5-ccf0-402e-875a-7f6806d66178",
            "4179b6e3-0076-4a0a-98f3-b13c6486c7c8",
            "5b254762-6dcd-4c82-a11d-f064a36ff0f2"
          ],
          "failures": [],
          "pending": [],
          "skipped": [],
          "duration": 1609,
          "root": false,
          "rootEmpty": false,
          "_timeout": 2000
        }
      ],
      "passes": [],
      "failures": [],
      "pending": [],
      "skipped": [],
      "duration": 0,
      "root": true,
      "rootEmpty": true,
      "_timeout": 2000
    }
  ],
  "meta": {
    "mocha": {
      "version": "7.2.0"
    },
    "mochawesome": {
      "options": {
        "quiet": false,
        "reportFilename": "mochawesome",
        "saveHtml": true,
        "saveJson": true,
        "consoleReporter": "spec",
        "useInlineDiffs": false,
        "code": true
      },
      "version": "7.1.3"
    },
    "marge": {
      "options": {
        "reportDir": "cypress/reports",
        "charts": true,
        "overwrite": false,
        "html": true,
        "json": true
      },
      "version": "6.2.0"
    }
  }
}